Traceback (most recent call last):
  File "/Users/robert/Projects/openrgbtemp/fanheat.py", line 3, in <module>
    from openrgb import OpenRGBClient
ModuleNotFoundError: No module named 'openrgb'
Traceback (most recent call last):
  File "/Users/robert/Projects/openrgbtemp/fanheat.py", line 3, in <module>
    from openrgb import OpenRGBClient
ModuleNotFoundError: No module named 'openrgb'
Traceback (most recent call last):
  File "/Users/robert/Projects/openrgbtemp/fanheat.py", line 3, in <module>
    from openrgb import OpenRGBClient
ModuleNotFoundError: No module named 'openrgb'
Traceback (most recent call last):
  File "/Users/robert/Projects/openrgbtemp/fanheat.py", line 3, in <module>
    from openrgb import OpenRGBClient
ModuleNotFoundError: No module named 'openrgb'
Traceback (most recent call last):
  File "/Users/robert/Projects/openrgbtemp/fanheat.py", line 3, in <module>
    from openrgb import OpenRGBClient
ModuleNotFoundError: No module named 'openrgb'
Traceback (most recent call last):
  File "/Users/robert/Projects/openrgbtemp/fanheat.py", line 3, in <module>
    from openrgb import OpenRGBClient
ModuleNotFoundError: No module named 'openrgb'
Traceback (most recent call last):
  File "/Users/robert/Projects/openrgbtemp/fanheat.py", line 3, in <module>
    from openrgb import OpenRGBClient
ModuleNotFoundError: No module named 'openrgb'
Traceback (most recent call last):
  File "/Users/robert/Projects/openrgbtemp/fanheat.py", line 3, in <module>
    from openrgb import OpenRGBClient
ModuleNotFoundError: No module named 'openrgb'
Traceback (most recent call last):
  File "/Users/robert/Projects/openrgbtemp/fanheat.py", line 3, in <module>
    from openrgb import OpenRGBClient
ModuleNotFoundError: No module named 'openrgb'
Traceback (most recent call last):
  File "/Users/robert/Projects/openrgbtemp/fanheat.py", line 3, in <module>
    from openrgb import OpenRGBClient
ModuleNotFoundError: No module named 'openrgb'
Traceback (most recent call last):
  File "/Users/robert/Projects/openrgbtemp/fanheat.py", line 3, in <module>
    from openrgb import OpenRGBClient
ModuleNotFoundError: No module named 'openrgb'
Traceback (most recent call last):
  File "/Users/robert/Projects/openrgbtemp/fanheat.py", line 3, in <module>
    from openrgb import OpenRGBClient
ModuleNotFoundError: No module named 'openrgb'
Traceback (most recent call last):
  File "/Users/robert/Projects/openrgbtemp/fanheat.py", line 3, in <module>
    from openrgb import OpenRGBClient
ModuleNotFoundError: No module named 'openrgb'
Traceback (most recent call last):
  File "/Users/robert/Projects/openrgbtemp/fanheat.py", line 3, in <module>
    from openrgb import OpenRGBClient
ModuleNotFoundError: No module named 'openrgb'
Traceback (most recent call last):
  File "/Users/robert/Projects/openrgbtemp/fanheat.py", line 3, in <module>
    from openrgb import OpenRGBClient
ModuleNotFoundError: No module named 'openrgb'
Traceback (most recent call last):
  File "/Users/robert/Projects/openrgbtemp/fanheat.py", line 3, in <module>
    from openrgb import OpenRGBClient
ModuleNotFoundError: No module named 'openrgb'
Traceback (most recent call last):
  File "/Users/robert/Projects/openrgbtemp/fanheat.py", line 3, in <module>
    from openrgb import OpenRGBClient
ModuleNotFoundError: No module named 'openrgb'
Traceback (most recent call last):
  File "/Users/robert/Projects/openrgbtemp/fanheat.py", line 3, in <module>
    from openrgb import OpenRGBClient
ModuleNotFoundError: No module named 'openrgb'
Traceback (most recent call last):
  File "/Users/robert/Projects/openrgbtemp/fanheat.py", line 3, in <module>
    from openrgb import OpenRGBClient
ModuleNotFoundError: No module named 'openrgb'
Traceback (most recent call last):
  File "/Users/robert/Projects/openrgbtemp/fanheat.py", line 3, in <module>
    from openrgb import OpenRGBClient
ModuleNotFoundError: No module named 'openrgb'
Traceback (most recent call last):
  File "/Users/robert/Projects/openrgbtemp/fanheat.py", line 3, in <module>
    from openrgb import OpenRGBClient
ModuleNotFoundError: No module named 'openrgb'
Traceback (most recent call last):
  File "/Users/robert/Projects/openrgbtemp/fanheat.py", line 3, in <module>
    from openrgb import OpenRGBClient
ModuleNotFoundError: No module named 'openrgb'
Traceback (most recent call last):
  File "/Users/robert/Projects/openrgbtemp/fanheat.py", line 3, in <module>
    from openrgb import OpenRGBClient
ModuleNotFoundError: No module named 'openrgb'
Traceback (most recent call last):
  File "/Users/robert/Projects/openrgbtemp/fanheat.py", line 3, in <module>
    from openrgb import OpenRGBClient
ModuleNotFoundError: No module named 'openrgb'
Traceback (most recent call last):
  File "/Users/robert/Projects/openrgbtemp/fanheat.py", line 3, in <module>
    from openrgb import OpenRGBClient
ModuleNotFoundError: No module named 'openrgb'
Traceback (most recent call last):
  File "/Users/robert/Projects/openrgbtemp/fanheat.py", line 3, in <module>
    from openrgb import OpenRGBClient
ModuleNotFoundError: No module named 'openrgb'
Traceback (most recent call last):
  File "/Users/robert/Projects/openrgbtemp/fanheat.py", line 3, in <module>
    from openrgb import OpenRGBClient
ModuleNotFoundError: No module named 'openrgb'
Traceback (most recent call last):
  File "/Users/robert/Projects/openrgbtemp/fanheat.py", line 3, in <module>
    from openrgb import OpenRGBClient
ModuleNotFoundError: No module named 'openrgb'
Traceback (most recent call last):
  File "/Users/robert/Projects/openrgbtemp/fanheat.py", line 3, in <module>
    from openrgb import OpenRGBClient
ModuleNotFoundError: No module named 'openrgb'
Traceback (most recent call last):
  File "/Users/robert/Projects/openrgbtemp/fanheat.py", line 3, in <module>
    from openrgb import OpenRGBClient
ModuleNotFoundError: No module named 'openrgb'
Traceback (most recent call last):
  File "/Users/robert/Projects/openrgbtemp/fanheat.py", line 3, in <module>
    from openrgb import OpenRGBClient
ModuleNotFoundError: No module named 'openrgb'
Traceback (most recent call last):
  File "/Users/robert/Projects/openrgbtemp/fanheat.py", line 3, in <module>
    from openrgb import OpenRGBClient
ModuleNotFoundError: No module named 'openrgb'
Traceback (most recent call last):
  File "/Users/robert/Projects/openrgbtemp/fanheat.py", line 3, in <module>
    from openrgb import OpenRGBClient
ModuleNotFoundError: No module named 'openrgb'
Traceback (most recent call last):
  File "/Users/robert/Projects/openrgbtemp/fanheat.py", line 3, in <module>
    from openrgb import OpenRGBClient
ModuleNotFoundError: No module named 'openrgb'
Traceback (most recent call last):
  File "/Users/robert/Projects/openrgbtemp/fanheat.py", line 3, in <module>
    from openrgb import OpenRGBClient
ModuleNotFoundError: No module named 'openrgb'
Traceback (most recent call last):
  File "/Users/robert/Projects/openrgbtemp/fanheat.py", line 3, in <module>
    from openrgb import OpenRGBClient
ModuleNotFoundError: No module named 'openrgb'
Traceback (most recent call last):
  File "/Users/robert/Projects/openrgbtemp/fanheat.py", line 3, in <module>
    from openrgb import OpenRGBClient
ModuleNotFoundError: No module named 'openrgb'
Traceback (most recent call last):
  File "/Users/robert/Projects/openrgbtemp/fanheat.py", line 3, in <module>
    from openrgb import OpenRGBClient
ModuleNotFoundError: No module named 'openrgb'
Traceback (most recent call last):
  File "/Users/robert/Projects/openrgbtemp/fanheat.py", line 3, in <module>
    from openrgb import OpenRGBClient
ModuleNotFoundError: No module named 'openrgb'
Traceback (most recent call last):
  File "/Users/robert/Projects/openrgbtemp/fanheat.py", line 3, in <module>
    from openrgb import OpenRGBClient
ModuleNotFoundError: No module named 'openrgb'
Traceback (most recent call last):
  File "/Users/robert/Projects/openrgbtemp/fanheat.py", line 3, in <module>
    from openrgb import OpenRGBClient
ModuleNotFoundError: No module named 'openrgb'
Traceback (most recent call last):
  File "/Users/robert/Projects/openrgbtemp/fanheat.py", line 3, in <module>
    from openrgb import OpenRGBClient
ModuleNotFoundError: No module named 'openrgb'
Traceback (most recent call last):
  File "/Users/robert/Projects/openrgbtemp/fanheat.py", line 3, in <module>
    from openrgb import OpenRGBClient
ModuleNotFoundError: No module named 'openrgb'
Traceback (most recent call last):
  File "/Users/robert/Projects/openrgbtemp/fanheat.py", line 3, in <module>
    from openrgb import OpenRGBClient
ModuleNotFoundError: No module named 'openrgb'
Traceback (most recent call last):
  File "/Users/robert/Projects/openrgbtemp/fanheat.py", line 3, in <module>
    from openrgb import OpenRGBClient
ModuleNotFoundError: No module named 'openrgb'
Traceback (most recent call last):
  File "/Users/robert/Projects/openrgbtemp/fanheat.py", line 3, in <module>
    from openrgb import OpenRGBClient
ModuleNotFoundError: No module named 'openrgb'
Traceback (most recent call last):
  File "/Users/robert/Projects/openrgbtemp/fanheat.py", line 3, in <module>
    from openrgb import OpenRGBClient
ModuleNotFoundError: No module named 'openrgb'
Traceback (most recent call last):
  File "/Users/robert/Projects/openrgbtemp/fanheat.py", line 3, in <module>
    from openrgb import OpenRGBClient
ModuleNotFoundError: No module named 'openrgb'
Traceback (most recent call last):
  File "/Users/robert/Projects/openrgbtemp/fanheat.py", line 3, in <module>
    from openrgb import OpenRGBClient
ModuleNotFoundError: No module named 'openrgb'
Traceback (most recent call last):
  File "/Users/robert/Projects/openrgbtemp/fanheat.py", line 3, in <module>
    from openrgb import OpenRGBClient
ModuleNotFoundError: No module named 'openrgb'
Traceback (most recent call last):
  File "/Users/robert/Projects/openrgbtemp/fanheat.py", line 3, in <module>
    from openrgb import OpenRGBClient
ModuleNotFoundError: No module named 'openrgb'
Traceback (most recent call last):
  File "/Users/robert/Projects/openrgbtemp/fanheat.py", line 3, in <module>
    from openrgb import OpenRGBClient
ModuleNotFoundError: No module named 'openrgb'
Traceback (most recent call last):
  File "/Users/robert/Projects/openrgbtemp/fanheat.py", line 3, in <module>
    from openrgb import OpenRGBClient
ModuleNotFoundError: No module named 'openrgb'
Traceback (most recent call last):
  File "/Users/robert/Projects/openrgbtemp/fanheat.py", line 3, in <module>
    from openrgb import OpenRGBClient
ModuleNotFoundError: No module named 'openrgb'
Traceback (most recent call last):
  File "/Users/robert/Projects/openrgbtemp/fanheat.py", line 3, in <module>
    from openrgb import OpenRGBClient
ModuleNotFoundError: No module named 'openrgb'
Traceback (most recent call last):
  File "/Users/robert/Projects/openrgbtemp/fanheat.py", line 3, in <module>
    from openrgb import OpenRGBClient
ModuleNotFoundError: No module named 'openrgb'
Traceback (most recent call last):
  File "/Users/robert/Projects/openrgbtemp/fanheat.py", line 3, in <module>
    from openrgb import OpenRGBClient
ModuleNotFoundError: No module named 'openrgb'
Traceback (most recent call last):
  File "/Users/robert/Projects/openrgbtemp/fanheat.py", line 3, in <module>
    from openrgb import OpenRGBClient
ModuleNotFoundError: No module named 'openrgb'
Traceback (most recent call last):
  File "/Users/robert/Projects/openrgbtemp/fanheat.py", line 3, in <module>
    from openrgb import OpenRGBClient
ModuleNotFoundError: No module named 'openrgb'
Traceback (most recent call last):
  File "/Users/robert/Projects/openrgbtemp/fanheat.py", line 3, in <module>
    from openrgb import OpenRGBClient
ModuleNotFoundError: No module named 'openrgb'
Traceback (most recent call last):
  File "/Users/robert/Projects/openrgbtemp/fanheat.py", line 3, in <module>
    from openrgb import OpenRGBClient
ModuleNotFoundError: No module named 'openrgb'
Traceback (most recent call last):
  File "/Users/robert/Projects/openrgbtemp/fanheat.py", line 3, in <module>
    from openrgb import OpenRGBClient
ModuleNotFoundError: No module named 'openrgb'
Traceback (most recent call last):
  File "/Users/robert/Projects/openrgbtemp/fanheat.py", line 3, in <module>
    from openrgb import OpenRGBClient
ModuleNotFoundError: No module named 'openrgb'
Traceback (most recent call last):
  File "/Users/robert/Projects/openrgbtemp/fanheat.py", line 10, in <module>
    exec(open(activate_script).read(), {'__file__': activate_script})
         ^^^^^^^^^^^^^^^^^^^^^
FileNotFoundError: [Errno 2] No such file or directory: '/Users/robert/Projects/openrgbtemp/venv/bin/activate_this.py'
Traceback (most recent call last):
  File "/Users/robert/Projects/openrgbtemp/fanheat.py", line 10, in <module>
    exec(open(activate_script).read(), {'__file__': activate_script})
         ^^^^^^^^^^^^^^^^^^^^^
FileNotFoundError: [Errno 2] No such file or directory: '/Users/robert/Projects/openrgbtemp/venv/bin/activate_this.py'
Traceback (most recent call last):
  File "/Users/robert/Projects/openrgbtemp/fanheat.py", line 10, in <module>
    exec(open(activate_script).read(), {'__file__': activate_script})
         ^^^^^^^^^^^^^^^^^^^^^
FileNotFoundError: [Errno 2] No such file or directory: '/Users/robert/Projects/openrgbtemp/venv/bin/activate_this.py'
Traceback (most recent call last):
  File "/Users/robert/Projects/openrgbtemp/fanheat.py", line 10, in <module>
    exec(open(activate_script).read(), {'__file__': activate_script})
         ^^^^^^^^^^^^^^^^^^^^^
FileNotFoundError: [Errno 2] No such file or directory: '/Users/robert/Projects/openrgbtemp/venv/bin/fanheat.py'
Traceback (most recent call last):
  File "/Users/robert/Projects/openrgbtemp/fanheat.py", line 10, in <module>
    exec(open(activate_script).read(), {'__file__': activate_script})
         ^^^^^^^^^^^^^^^^^^^^^
FileNotFoundError: [Errno 2] No such file or directory: '/Users/robert/Projects/openrgbtemp/venv/bin/fanheat.py'
Traceback (most recent call last):
  File "/Users/robert/Projects/openrgbtemp/fanheat.py", line 10, in <module>
    exec(open(activate_script).read(), {'__file__': activate_script})
         ^^^^^^^^^^^^^^^^^^^^^
FileNotFoundError: [Errno 2] No such file or directory: '/Users/robert/Projects/openrgbtemp/venv/bin/fanheat.py'
Traceback (most recent call last):
  File "/Users/robert/Projects/openrgbtemp/fanheat.py", line 10, in <module>
    exec(open(activate_script).read(), {'__file__': activate_script})
         ^^^^^^^^^^^^^^^^^^^^^
FileNotFoundError: [Errno 2] No such file or directory: '/Users/robert/Projects/openrgbtemp/venv/bin/fanheat.py'
Traceback (most recent call last):
  File "/Users/robert/Projects/openrgbtemp/fanheat.py", line 10, in <module>
    exec(open(activate_script).read(), {'__file__': activate_script})
         ^^^^^^^^^^^^^^^^^^^^^
FileNotFoundError: [Errno 2] No such file or directory: '/Users/robert/Projects/openrgbtemp/venv/bin/fanheat.py'
Traceback (most recent call last):
  File "/Users/robert/Projects/openrgbtemp/fanheat.py", line 10, in <module>
    exec(open(activate_script).read(), {'__file__': activate_script})
         ^^^^^^^^^^^^^^^^^^^^^
FileNotFoundError: [Errno 2] No such file or directory: '/Users/robert/Projects/openrgbtemp/venv/bin/fanheat.py'
Traceback (most recent call last):
  File "/Users/robert/Projects/openrgbtemp/fanheat.py", line 10, in <module>
    exec(open(activate_script).read(), {'__file__': activate_script})
         ^^^^^^^^^^^^^^^^^^^^^
FileNotFoundError: [Errno 2] No such file or directory: '/Users/robert/Projects/openrgbtemp/venv/bin/fanheat.py'
Traceback (most recent call last):
  File "/Users/robert/Projects/openrgbtemp/fanheat.py", line 10, in <module>
    exec(open(activate_script).read(), {'__file__': activate_script})
         ^^^^^^^^^^^^^^^^^^^^^
FileNotFoundError: [Errno 2] No such file or directory: '/Users/robert/Projects/openrgbtemp/venv/bin/fanheat.py'
Traceback (most recent call last):
  File "/Users/robert/Projects/openrgbtemp/fanheat.py", line 10, in <module>
    exec(open(activate_script).read(), {'__file__': activate_script})
         ^^^^^^^^^^^^^^^^^^^^^
FileNotFoundError: [Errno 2] No such file or directory: '/Users/robert/Projects/openrgbtemp/venv/bin/fanheat.py'
Traceback (most recent call last):
  File "/Users/robert/Projects/openrgbtemp/fanheat.py", line 10, in <module>
    exec(open(activate_script).read(), {'__file__': activate_script})
         ^^^^^^^^^^^^^^^^^^^^^
FileNotFoundError: [Errno 2] No such file or directory: '/Users/robert/Projects/openrgbtemp/venv/bin/fanheat.py'
Traceback (most recent call last):
  File "/Users/robert/Projects/openrgbtemp/fanheat.py", line 10, in <module>
    exec(open(activate_script).read(), {'__file__': activate_script})
         ^^^^^^^^^^^^^^^^^^^^^
FileNotFoundError: [Errno 2] No such file or directory: '/Users/robert/Projects/openrgbtemp/venv/bin/fanheat.py'
Traceback (most recent call last):
  File "/Users/robert/Projects/openrgbtemp/fanheat.py", line 10, in <module>
    exec(open(activate_script).read(), {'__file__': activate_script})
         ^^^^^^^^^^^^^^^^^^^^^
FileNotFoundError: [Errno 2] No such file or directory: '/Users/robert/Projects/openrgbtemp/venv/bin/fanheat.py'
Traceback (most recent call last):
  File "/Users/robert/Projects/openrgbtemp/fanheat.py", line 10, in <module>
    exec(open(activate_script).read(), {'__file__': activate_script})
         ^^^^^^^^^^^^^^^^^^^^^
FileNotFoundError: [Errno 2] No such file or directory: '/Users/robert/Projects/openrgbtemp/venv/bin/fanheat.py'
Traceback (most recent call last):
  File "/Users/robert/Projects/openrgbtemp/fanheat.py", line 10, in <module>
    exec(open(activate_script).read(), {'__file__': activate_script})
         ^^^^^^^^^^^^^^^^^^^^^
FileNotFoundError: [Errno 2] No such file or directory: '/Users/robert/Projects/openrgbtemp/venv/bin/activate'
Traceback (most recent call last):
  File "/Users/robert/Projects/openrgbtemp/fanheat.py", line 10, in <module>
    exec(open(activate_script).read(), {'__file__': activate_script})
         ^^^^^^^^^^^^^^^^^^^^^
FileNotFoundError: [Errno 2] No such file or directory: '/Users/robert/Projects/openrgbtemp/venv/bin/activate'
Traceback (most recent call last):
  File "/Users/robert/Projects/openrgbtemp/fanheat.py", line 10, in <module>
    exec(open(activate_script).read(), {'__file__': activate_script})
         ^^^^^^^^^^^^^^^^^^^^^
FileNotFoundError: [Errno 2] No such file or directory: '/Users/robert/Projects/openrgbtemp/venv/bin/activate'
Traceback (most recent call last):
  File "/Users/robert/Projects/openrgbtemp/fanheat.py", line 10, in <module>
    exec(open(activate_script).read(), {'__file__': activate_script})
         ^^^^^^^^^^^^^^^^^^^^^
FileNotFoundError: [Errno 2] No such file or directory: '/Users/robert/Projects/openrgbtemp/venv/bin/activate'
Traceback (most recent call last):
  File "/Users/robert/Projects/openrgbtemp/fanheat.py", line 10, in <module>
    exec(open(activate_script).read(), {'__file__': activate_script})
         ^^^^^^^^^^^^^^^^^^^^^
FileNotFoundError: [Errno 2] No such file or directory: '/Users/robert/Projects/openrgbtemp/venv/bin/activate'
Traceback (most recent call last):
  File "/Users/robert/Projects/openrgbtemp/fanheat.py", line 10, in <module>
    exec(open(activate_script).read(), {'__file__': activate_script})
         ^^^^^^^^^^^^^^^^^^^^^
FileNotFoundError: [Errno 2] No such file or directory: '/Users/robert/Projects/openrgbtemp/venv/bin/activate'
Traceback (most recent call last):
  File "/Users/robert/Projects/openrgbtemp/fanheat.py", line 10, in <module>
    exec(open(activate_script).read(), {'__file__': activate_script})
         ^^^^^^^^^^^^^^^^^^^^^
FileNotFoundError: [Errno 2] No such file or directory: '/Users/robert/Projects/openrgbtemp/venv/bin/activate'
Traceback (most recent call last):
  File "/Users/robert/Projects/openrgbtemp/fanheat.py", line 10, in <module>
    exec(open(activate_script).read(), {'__file__': activate_script})
         ^^^^^^^^^^^^^^^^^^^^^
FileNotFoundError: [Errno 2] No such file or directory: '/Users/robert/Projects/openrgbtemp/venv/bin/activate'
Traceback (most recent call last):
  File "/Users/robert/Projects/openrgbtemp/fanheat.py", line 10, in <module>
    exec(open(activate_script).read(), {'__file__': activate_script})
         ^^^^^^^^^^^^^^^^^^^^^
FileNotFoundError: [Errno 2] No such file or directory: '/Users/robert/Projects/openrgbtemp/venv/bin/activate'
Traceback (most recent call last):
  File "/Users/robert/Projects/openrgbtemp/fanheat.py", line 10, in <module>
    exec(open(activate_script).read(), {'__file__': activate_script})
         ^^^^^^^^^^^^^^^^^^^^^
FileNotFoundError: [Errno 2] No such file or directory: '/Users/robert/Projects/openrgbtemp/venv/bin/activate'
Traceback (most recent call last):
  File "/Users/robert/Projects/openrgbtemp/fanheat.py", line 10, in <module>
    exec(open(activate_script).read(), {'__file__': activate_script})
         ^^^^^^^^^^^^^^^^^^^^^
FileNotFoundError: [Errno 2] No such file or directory: '/Users/robert/Projects/openrgbtemp/venv/bin/activate'
Traceback (most recent call last):
  File "/Users/robert/Projects/openrgbtemp/fanheat.py", line 10, in <module>
    exec(open(activate_script).read(), {'__file__': activate_script})
         ^^^^^^^^^^^^^^^^^^^^^
FileNotFoundError: [Errno 2] No such file or directory: '/Users/robert/Projects/openrgbtemp/openrgb-env/bin/activate_this.py'
Traceback (most recent call last):
  File "/Users/robert/Projects/openrgbtemp/fanheat.py", line 10, in <module>
    exec(open(activate_script).read(), {'__file__': activate_script})
         ^^^^^^^^^^^^^^^^^^^^^
FileNotFoundError: [Errno 2] No such file or directory: '/Users/robert/Projects/openrgbtemp/openrgb-env/bin/activate_this.py'
Traceback (most recent call last):
  File "/Users/robert/Projects/openrgbtemp/fanheat.py", line 10, in <module>
    exec(open(activate_script).read(), {'__file__': activate_script})
         ^^^^^^^^^^^^^^^^^^^^^
FileNotFoundError: [Errno 2] No such file or directory: '/Users/robert/Projects/openrgbtemp/openrgb-env/bin/activate_this.py'
Traceback (most recent call last):
  File "/Users/robert/Projects/openrgbtemp/fanheat.py", line 10, in <module>
    exec(open(activate_script).read(), {'__file__': activate_script})
         ^^^^^^^^^^^^^^^^^^^^^
FileNotFoundError: [Errno 2] No such file or directory: '/Users/robert/Projects/openrgbtemp/openrgb-env/bin/activate_this.py'
Traceback (most recent call last):
  File "/Users/robert/Projects/openrgbtemp/fanheat.py", line 10, in <module>
    exec(open(activate_script).read(), {'__file__': activate_script})
         ^^^^^^^^^^^^^^^^^^^^^
FileNotFoundError: [Errno 2] No such file or directory: '/Users/robert/Projects/openrgbtemp/openrgb-env/bin/activate_this.py'
Traceback (most recent call last):
  File "/Users/robert/Projects/openrgbtemp/fanheat.py", line 10, in <module>
    exec(open(activate_script).read(), {'__file__': activate_script})
         ^^^^^^^^^^^^^^^^^^^^^
FileNotFoundError: [Errno 2] No such file or directory: '/Users/robert/Projects/openrgbtemp/openrgb-env/bin/activate_this.py'
Traceback (most recent call last):
  File "/Users/robert/Projects/openrgbtemp/fanheat.py", line 10, in <module>
    exec(open(activate_script).read(), {'__file__': activate_script})
         ^^^^^^^^^^^^^^^^^^^^^
FileNotFoundError: [Errno 2] No such file or directory: '/Users/robert/Projects/openrgbtemp/openrgb-env/bin/activate_this.py'
Traceback (most recent call last):
  File "/Users/robert/Projects/openrgbtemp/fanheat.py", line 10, in <module>
    exec(open(activate_script).read(), {'__file__': activate_script})
         ^^^^^^^^^^^^^^^^^^^^^
FileNotFoundError: [Errno 2] No such file or directory: '/Users/robert/Projects/openrgbtemp/openrgb-env/bin/activate_this.py'
Traceback (most recent call last):
  File "/Users/robert/Projects/openrgbtemp/fanheat.py", line 10, in <module>
    exec(open(activate_script).read(), {'__file__': activate_script})
         ^^^^^^^^^^^^^^^^^^^^^
FileNotFoundError: [Errno 2] No such file or directory: '/Users/robert/Projects/openrgbtemp/openrgb-env/bin/activate_this.py'
Traceback (most recent call last):
  File "/Users/robert/Projects/openrgbtemp/fanheat.py", line 10, in <module>
    exec(open(activate_script).read(), {'__file__': activate_script})
         ^^^^^^^^^^^^^^^^^^^^^
FileNotFoundError: [Errno 2] No such file or directory: '/Users/robert/Projects/openrgbtemp/openrgb-env/bin/activate_this.py'
Traceback (most recent call last):
  File "/Users/robert/Projects/openrgbtemp/fanheat.py", line 10, in <module>
    exec(open(activate_script).read(), {'__file__': activate_script})
         ^^^^^^^^^^^^^^^^^^^^^
FileNotFoundError: [Errno 2] No such file or directory: '/Users/robert/Projects/openrgbtemp/openrgb-env/bin/activate_this.py'
Traceback (most recent call last):
  File "/Users/robert/Projects/openrgbtemp/fanheat.py", line 10, in <module>
    exec(open(activate_script).read(), {'__file__': activate_script})
         ^^^^^^^^^^^^^^^^^^^^^
FileNotFoundError: [Errno 2] No such file or directory: '/Users/robert/Projects/openrgbtemp/openrgb-env/bin/activate_this.py'
Traceback (most recent call last):
  File "/Users/robert/Projects/openrgbtemp/fanheat.py", line 10, in <module>
    exec(open(activate_script).read(), {'__file__': activate_script})
         ^^^^^^^^^^^^^^^^^^^^^
FileNotFoundError: [Errno 2] No such file or directory: '/Users/robert/Projects/openrgbtemp/openrgb-env/bin/activate_this.py'
Traceback (most recent call last):
  File "/Users/robert/Projects/openrgbtemp/fanheat.py", line 4, in <module>
    from openrgb import OpenRGBClient
ModuleNotFoundError: No module named 'openrgb'
Traceback (most recent call last):
  File "/Users/robert/Projects/openrgbtemp/fanheat.py", line 4, in <module>
    from openrgb import OpenRGBClient
ModuleNotFoundError: No module named 'openrgb'
Traceback (most recent call last):
  File "/Users/robert/Projects/openrgbtemp/fanheat.py", line 4, in <module>
    from openrgb import OpenRGBClient
ModuleNotFoundError: No module named 'openrgb'
Traceback (most recent call last):
  File "/Users/robert/Projects/openrgbtemp/fanheat.py", line 4, in <module>
    from openrgb import OpenRGBClient
ModuleNotFoundError: No module named 'openrgb'
Traceback (most recent call last):
  File "/Users/robert/Projects/openrgbtemp/fanheat.py", line 4, in <module>
    from openrgb import OpenRGBClient
ModuleNotFoundError: No module named 'openrgb'
Traceback (most recent call last):
  File "/Users/robert/Projects/openrgbtemp/fanheat.py", line 4, in <module>
    from openrgb import OpenRGBClient
ModuleNotFoundError: No module named 'openrgb'
Traceback (most recent call last):
  File "/Users/robert/Projects/openrgbtemp/fanheat.py", line 4, in <module>
    from openrgb import OpenRGBClient
ModuleNotFoundError: No module named 'openrgb'
Traceback (most recent call last):
  File "/Users/robert/Projects/openrgbtemp/fanheat.py", line 4, in <module>
    from openrgb import OpenRGBClient
ModuleNotFoundError: No module named 'openrgb'
Traceback (most recent call last):
  File "/Users/robert/Projects/openrgbtemp/fanheat.py", line 4, in <module>
    from openrgb import OpenRGBClient
ModuleNotFoundError: No module named 'openrgb'
Traceback (most recent call last):
  File "/Users/robert/Projects/openrgbtemp/fanheat.py", line 4, in <module>
    from openrgb import OpenRGBClient
ModuleNotFoundError: No module named 'openrgb'
Traceback (most recent call last):
  File "/Users/robert/Projects/openrgbtemp/fanheat.py", line 4, in <module>
    from openrgb import OpenRGBClient
ModuleNotFoundError: No module named 'openrgb'
Traceback (most recent call last):
  File "/Users/robert/Projects/openrgbtemp/fanheat.py", line 4, in <module>
    from openrgb import OpenRGBClient
ModuleNotFoundError: No module named 'openrgb'
Traceback (most recent call last):
  File "/Users/robert/Projects/openrgbtemp/fanheat.py", line 4, in <module>
    from openrgb import OpenRGBClient
ModuleNotFoundError: No module named 'openrgb'
Traceback (most recent call last):
  File "/Users/robert/Projects/openrgbtemp/fanheat.py", line 4, in <module>
    from openrgb import OpenRGBClient
ModuleNotFoundError: No module named 'openrgb'
Traceback (most recent call last):
  File "/Users/robert/Projects/openrgbtemp/fanheat.py", line 4, in <module>
    from openrgb import OpenRGBClient
ModuleNotFoundError: No module named 'openrgb'
Traceback (most recent call last):
  File "/Users/robert/Projects/openrgbtemp/fanheat.py", line 4, in <module>
    from openrgb import OpenRGBClient
ModuleNotFoundError: No module named 'openrgb'
Traceback (most recent call last):
  File "/Users/robert/Projects/openrgbtemp/fanheat.py", line 4, in <module>
    from openrgb import OpenRGBClient
ModuleNotFoundError: No module named 'openrgb'
Traceback (most recent call last):
  File "/Users/robert/Projects/openrgbtemp/fanheat.py", line 4, in <module>
    from openrgb import OpenRGBClient
ModuleNotFoundError: No module named 'openrgb'
Traceback (most recent call last):
  File "/Users/robert/Projects/openrgbtemp/fanheat.py", line 4, in <module>
    from openrgb import OpenRGBClient
ModuleNotFoundError: No module named 'openrgb'
Traceback (most recent call last):
  File "/Users/robert/Projects/openrgbtemp/fanheat.py", line 4, in <module>
    from openrgb import OpenRGBClient
ModuleNotFoundError: No module named 'openrgb'
Traceback (most recent call last):
  File "/Users/robert/Projects/openrgbtemp/fanheat.py", line 4, in <module>
    from openrgb import OpenRGBClient
ModuleNotFoundError: No module named 'openrgb'
